[0.689s] DEBUG:colcon:Command line arguments: ['/usr/bin/colcon', 'build']
[0.689s] DEBUG:colcon:Parsed command line arguments: Namespace(log_base=None, log_level=None, verb_name='build', build_base='build', install_base='install', merge_install=False, symlink_install=False, test_result_base=None, continue_on_error=False, executor='parallel', parallel_workers=8, event_handlers=None, ignore_user_meta=False, metas=['./colcon.meta'], base_paths=['.'], packages_ignore=None, packages_ignore_regex=None, paths=None, packages_up_to=None, packages_up_to_regex=None, packages_above=None, packages_above_and_dependencies=None, packages_above_depth=None, packages_select_by_dep=None, packages_skip_by_dep=None, packages_skip_up_to=None, packages_select_build_failed=False, packages_skip_build_finished=False, packages_select_test_failures=False, packages_skip_test_passed=False, packages_select=None, packages_skip=None, packages_select_regex=None, packages_skip_regex=None, packages_start=None, packages_end=None, allow_overriding=[], cmake_args=None, cmake_target=None, cmake_target_skip_unavailable=False, cmake_clean_cache=False, cmake_clean_first=False, cmake_force_configure=False, ament_cmake_args=None, catkin_cmake_args=None, catkin_skip_building_tests=False, verb_parser=<colcon_defaults.argument_parser.defaults.DefaultArgumentsDecorator object at 0x7f4fcc0f4220>, verb_extension=<colcon_core.verb.build.BuildVerb object at 0x7f4fcca33190>, main=<bound method BuildVerb.main of <colcon_core.verb.build.BuildVerb object at 0x7f4fcca33190>>)
[0.746s] Level 1:colcon.colcon_core.package_discovery:discover_packages(colcon_meta) check parameters
[0.747s] Level 1:colcon.colcon_core.package_discovery:discover_packages(recursive) check parameters
[0.747s] Level 1:colcon.colcon_core.package_discovery:discover_packages(ignore) check parameters
[0.747s] Level 1:colcon.colcon_core.package_discovery:discover_packages(path) check parameters
[0.747s] Level 1:colcon.colcon_core.package_discovery:discover_packages(colcon_meta) discover
[0.747s] Level 1:colcon.colcon_core.package_discovery:discover_packages(recursive) discover
[0.747s] INFO:colcon.colcon_core.package_discovery:Crawling recursively for packages in '/home/marko/ros_ws/src/dubin'
[0.748s] Level 1:colcon.colcon_core.package_identification:_identify(.) by extensions ['ignore', 'ignore_ament_install']
[0.748s] Level 1:colcon.colcon_core.package_identification:_identify(.) by extension 'ignore'
[0.748s] Level 1:colcon.colcon_core.package_identification:_identify(.) by extension 'ignore_ament_install'
[0.749s] Level 1:colcon.colcon_core.package_identification:_identify(.) by extensions ['colcon_pkg']
[0.749s] Level 1:colcon.colcon_core.package_identification:_identify(.) by extension 'colcon_pkg'
[0.749s] Level 1:colcon.colcon_core.package_identification:_identify(.) by extensions ['colcon_meta']
[0.749s] Level 1:colcon.colcon_core.package_identification:_identify(.) by extension 'colcon_meta'
[0.749s] Level 1:colcon.colcon_core.package_identification:_identify(.) by extensions ['ros']
[0.749s] Level 1:colcon.colcon_core.package_identification:_identify(.) by extension 'ros'
[0.777s] DEBUG:colcon.colcon_core.package_identification:Package '.' with type 'ros.ament_cmake' and name 'dubin'
[0.777s] Level 1:colcon.colcon_core.package_discovery:discover_packages(recursive) using defaults
[0.777s] Level 1:colcon.colcon_core.package_discovery:discover_packages(ignore) discover
[0.777s] Level 1:colcon.colcon_core.package_discovery:discover_packages(ignore) using defaults
[0.777s] Level 1:colcon.colcon_core.package_discovery:discover_packages(path) discover
[0.777s] Level 1:colcon.colcon_core.package_discovery:discover_packages(path) using defaults
[0.822s] Level 1:colcon.colcon_core.package_discovery:discover_packages(prefix_path) check parameters
[0.822s] Level 1:colcon.colcon_core.package_discovery:discover_packages(prefix_path) discover
[0.834s] DEBUG:colcon.colcon_installed_package_information.package_discovery:Found 11 installed packages in /home/marko/ros_ws/install
[0.843s] DEBUG:colcon.colcon_installed_package_information.package_discovery:Found 338 installed packages in /opt/ros/humble
[0.847s] Level 1:colcon.colcon_core.package_discovery:discover_packages(prefix_path) using defaults
[0.984s] Level 5:colcon.colcon_core.verb:set package 'dubin' build argument 'cmake_args' from command line to 'None'
[0.984s] Level 5:colcon.colcon_core.verb:set package 'dubin' build argument 'cmake_target' from command line to 'None'
[0.984s] Level 5:colcon.colcon_core.verb:set package 'dubin' build argument 'cmake_target_skip_unavailable' from command line to 'False'
[0.984s] Level 5:colcon.colcon_core.verb:set package 'dubin' build argument 'cmake_clean_cache' from command line to 'False'
[0.984s] Level 5:colcon.colcon_core.verb:set package 'dubin' build argument 'cmake_clean_first' from command line to 'False'
[0.985s] Level 5:colcon.colcon_core.verb:set package 'dubin' build argument 'cmake_force_configure' from command line to 'False'
[0.985s] Level 5:colcon.colcon_core.verb:set package 'dubin' build argument 'ament_cmake_args' from command line to 'None'
[0.985s] Level 5:colcon.colcon_core.verb:set package 'dubin' build argument 'catkin_cmake_args' from command line to 'None'
[0.985s] Level 5:colcon.colcon_core.verb:set package 'dubin' build argument 'catkin_skip_building_tests' from command line to 'False'
[0.985s] DEBUG:colcon.colcon_core.verb:Building package 'dubin' with the following arguments: {'ament_cmake_args': None, 'build_base': '/home/marko/ros_ws/src/dubin/build/dubin', 'catkin_cmake_args': None, 'catkin_skip_building_tests': False, 'cmake_args': None, 'cmake_clean_cache': False, 'cmake_clean_first': False, 'cmake_force_configure': False, 'cmake_target': None, 'cmake_target_skip_unavailable': False, 'install_base': '/home/marko/ros_ws/src/dubin/install/dubin', 'merge_install': False, 'path': '/home/marko/ros_ws/src/dubin', 'symlink_install': False, 'test_result_base': None}
[0.986s] INFO:colcon.colcon_core.executor:Executing jobs using 'parallel' executor
[0.990s] DEBUG:colcon.colcon_parallel_executor.executor.parallel:run_until_complete
[0.991s] INFO:colcon.colcon_ros.task.ament_cmake.build:Building ROS package in '/home/marko/ros_ws/src/dubin' with build type 'ament_cmake'
[0.991s] INFO:colcon.colcon_cmake.task.cmake.build:Building CMake package in '/home/marko/ros_ws/src/dubin'
[1.002s] INFO:colcon.colcon_core.plugin_system:Skipping extension 'colcon_core.shell.bat': Not used on non-Windows systems
[1.003s] INFO:colcon.colcon_core.shell:Skip shell extension 'powershell' for command environment: Not usable outside of PowerShell
[1.003s] DEBUG:colcon.colcon_core.shell:Skip shell extension 'dsv' for command environment
[1.067s] DEBUG:colcon.colcon_core.event_handler.log_command:Invoking command in '/home/marko/ros_ws/src/dubin/build/dubin': CMAKE_PREFIX_PATH=${CMAKE_PREFIX_PATH}:/opt/ros/humble /usr/bin/cmake --build /home/marko/ros_ws/src/dubin/build/dubin -- -j8 -l8
[11.438s] DEBUG:colcon.colcon_core.event_handler.log_command:Invoked command in '/home/marko/ros_ws/src/dubin/build/dubin' returned '2': CMAKE_PREFIX_PATH=${CMAKE_PREFIX_PATH}:/opt/ros/humble /usr/bin/cmake --build /home/marko/ros_ws/src/dubin/build/dubin -- -j8 -l8
[11.822s] Level 1:colcon.colcon_core.environment:create_environment_scripts_only(dubin)
[11.833s] Level 1:colcon.colcon_core.environment:checking '/home/marko/ros_ws/src/dubin/install/dubin' for CMake module files
[11.835s] Level 1:colcon.colcon_core.environment:checking '/home/marko/ros_ws/src/dubin/install/dubin' for CMake config files
[11.836s] Level 1:colcon.colcon_core.environment:checking '/home/marko/ros_ws/src/dubin/install/dubin/bin'
[11.836s] Level 1:colcon.colcon_core.environment:checking '/home/marko/ros_ws/src/dubin/install/dubin/lib/pkgconfig/dubin.pc'
[11.837s] Level 1:colcon.colcon_core.environment:checking '/home/marko/ros_ws/src/dubin/install/dubin/lib/python3.10/site-packages'
[11.838s] Level 1:colcon.colcon_core.environment:checking '/home/marko/ros_ws/src/dubin/install/dubin/bin'
[11.839s] INFO:colcon.colcon_core.shell:Creating package script '/home/marko/ros_ws/src/dubin/install/dubin/share/dubin/package.ps1'
[11.841s] INFO:colcon.colcon_core.shell:Creating package descriptor '/home/marko/ros_ws/src/dubin/install/dubin/share/dubin/package.dsv'
[11.844s] INFO:colcon.colcon_core.shell:Creating package script '/home/marko/ros_ws/src/dubin/install/dubin/share/dubin/package.sh'
[11.846s] INFO:colcon.colcon_core.shell:Creating package script '/home/marko/ros_ws/src/dubin/install/dubin/share/dubin/package.bash'
[11.848s] INFO:colcon.colcon_core.shell:Creating package script '/home/marko/ros_ws/src/dubin/install/dubin/share/dubin/package.zsh'
[11.850s] Level 1:colcon.colcon_core.environment:create_file_with_runtime_dependencies(/home/marko/ros_ws/src/dubin/install/dubin/share/colcon-core/packages/dubin)
[11.853s] DEBUG:colcon.colcon_parallel_executor.executor.parallel:closing loop
[11.854s] DEBUG:colcon.colcon_parallel_executor.executor.parallel:loop closed
[11.855s] DEBUG:colcon.colcon_parallel_executor.executor.parallel:run_until_complete finished with '2'
[11.856s] DEBUG:colcon.colcon_core.event_reactor:joining thread
[11.886s] INFO:colcon.colcon_core.plugin_system:Skipping extension 'colcon_notification.desktop_notification.terminal_notifier': Not used on non-Darwin systems
[11.887s] INFO:colcon.colcon_core.plugin_system:Skipping extension 'colcon_notification.desktop_notification.win32': Not used on non-Windows systems
[11.887s] INFO:colcon.colcon_notification.desktop_notification:Sending desktop notification using 'notify2'
[11.939s] DEBUG:colcon.colcon_core.event_reactor:joined thread
[11.943s] INFO:colcon.colcon_core.shell:Creating prefix script '/home/marko/ros_ws/src/dubin/install/local_setup.ps1'
[11.945s] INFO:colcon.colcon_core.shell:Creating prefix util module '/home/marko/ros_ws/src/dubin/install/_local_setup_util_ps1.py'
[11.947s] INFO:colcon.colcon_core.shell:Creating prefix chain script '/home/marko/ros_ws/src/dubin/install/setup.ps1'
[11.956s] INFO:colcon.colcon_core.shell:Creating prefix script '/home/marko/ros_ws/src/dubin/install/local_setup.sh'
[11.959s] INFO:colcon.colcon_core.shell:Creating prefix util module '/home/marko/ros_ws/src/dubin/install/_local_setup_util_sh.py'
[11.962s] INFO:colcon.colcon_core.shell:Creating prefix chain script '/home/marko/ros_ws/src/dubin/install/setup.sh'
[11.973s] INFO:colcon.colcon_core.shell:Creating prefix script '/home/marko/ros_ws/src/dubin/install/local_setup.bash'
[11.976s] INFO:colcon.colcon_core.shell:Creating prefix chain script '/home/marko/ros_ws/src/dubin/install/setup.bash'
[11.989s] INFO:colcon.colcon_core.shell:Creating prefix script '/home/marko/ros_ws/src/dubin/install/local_setup.zsh'
[11.991s] INFO:colcon.colcon_core.shell:Creating prefix chain script '/home/marko/ros_ws/src/dubin/install/setup.zsh'
