[0.721s] DEBUG:colcon:Command line arguments: ['/usr/bin/colcon', 'build']
[0.721s] DEBUG:colcon:Parsed command line arguments: Namespace(log_base=None, log_level=None, verb_name='build', build_base='build', install_base='install', merge_install=False, symlink_install=False, test_result_base=None, continue_on_error=False, executor='parallel', parallel_workers=8, event_handlers=None, ignore_user_meta=False, metas=['./colcon.meta'], base_paths=['.'], packages_ignore=None, packages_ignore_regex=None, paths=None, packages_up_to=None, packages_up_to_regex=None, packages_above=None, packages_above_and_dependencies=None, packages_above_depth=None, packages_select_by_dep=None, packages_skip_by_dep=None, packages_skip_up_to=None, packages_select_build_failed=False, packages_skip_build_finished=False, packages_select_test_failures=False, packages_skip_test_passed=False, packages_select=None, packages_skip=None, packages_select_regex=None, packages_skip_regex=None, packages_start=None, packages_end=None, allow_overriding=[], cmake_args=None, cmake_target=None, cmake_target_skip_unavailable=False, cmake_clean_cache=False, cmake_clean_first=False, cmake_force_configure=False, ament_cmake_args=None, catkin_cmake_args=None, catkin_skip_building_tests=False, verb_parser=<colcon_defaults.argument_parser.defaults.DefaultArgumentsDecorator object at 0x7f0c88f57dc0>, verb_extension=<colcon_core.verb.build.BuildVerb object at 0x7f0c898ca5f0>, main=<bound method BuildVerb.main of <colcon_core.verb.build.BuildVerb object at 0x7f0c898ca5f0>>)
[0.786s] Level 1:colcon.colcon_core.package_discovery:discover_packages(colcon_meta) check parameters
[0.786s] Level 1:colcon.colcon_core.package_discovery:discover_packages(recursive) check parameters
[0.786s] Level 1:colcon.colcon_core.package_discovery:discover_packages(ignore) check parameters
[0.786s] Level 1:colcon.colcon_core.package_discovery:discover_packages(path) check parameters
[0.786s] Level 1:colcon.colcon_core.package_discovery:discover_packages(colcon_meta) discover
[0.786s] Level 1:colcon.colcon_core.package_discovery:discover_packages(recursive) discover
[0.787s] INFO:colcon.colcon_core.package_discovery:Crawling recursively for packages in '/home/marko/ros_ws/src/dubin'
[0.787s] Level 1:colcon.colcon_core.package_identification:_identify(.) by extensions ['ignore', 'ignore_ament_install']
[0.787s] Level 1:colcon.colcon_core.package_identification:_identify(.) by extension 'ignore'
[0.787s] Level 1:colcon.colcon_core.package_identification:_identify(.) by extension 'ignore_ament_install'
[0.787s] Level 1:colcon.colcon_core.package_identification:_identify(.) by extensions ['colcon_pkg']
[0.787s] Level 1:colcon.colcon_core.package_identification:_identify(.) by extension 'colcon_pkg'
[0.788s] Level 1:colcon.colcon_core.package_identification:_identify(.) by extensions ['colcon_meta']
[0.788s] Level 1:colcon.colcon_core.package_identification:_identify(.) by extension 'colcon_meta'
[0.788s] Level 1:colcon.colcon_core.package_identification:_identify(.) by extensions ['ros']
[0.788s] Level 1:colcon.colcon_core.package_identification:_identify(.) by extension 'ros'
[0.820s] DEBUG:colcon.colcon_core.package_identification:Package '.' with type 'ros.ament_cmake' and name 'dubin'
[0.821s] Level 1:colcon.colcon_core.package_discovery:discover_packages(recursive) using defaults
[0.821s] Level 1:colcon.colcon_core.package_discovery:discover_packages(ignore) discover
[0.821s] Level 1:colcon.colcon_core.package_discovery:discover_packages(ignore) using defaults
[0.821s] Level 1:colcon.colcon_core.package_discovery:discover_packages(path) discover
[0.821s] Level 1:colcon.colcon_core.package_discovery:discover_packages(path) using defaults
[0.866s] Level 1:colcon.colcon_core.package_discovery:discover_packages(prefix_path) check parameters
[0.866s] Level 1:colcon.colcon_core.package_discovery:discover_packages(prefix_path) discover
[0.877s] DEBUG:colcon.colcon_installed_package_information.package_discovery:Found 11 installed packages in /home/marko/ros_ws/install
[0.886s] DEBUG:colcon.colcon_installed_package_information.package_discovery:Found 338 installed packages in /opt/ros/humble
[0.890s] Level 1:colcon.colcon_core.package_discovery:discover_packages(prefix_path) using defaults
[1.052s] Level 5:colcon.colcon_core.verb:set package 'dubin' build argument 'cmake_args' from command line to 'None'
[1.052s] Level 5:colcon.colcon_core.verb:set package 'dubin' build argument 'cmake_target' from command line to 'None'
[1.052s] Level 5:colcon.colcon_core.verb:set package 'dubin' build argument 'cmake_target_skip_unavailable' from command line to 'False'
[1.052s] Level 5:colcon.colcon_core.verb:set package 'dubin' build argument 'cmake_clean_cache' from command line to 'False'
[1.052s] Level 5:colcon.colcon_core.verb:set package 'dubin' build argument 'cmake_clean_first' from command line to 'False'
[1.052s] Level 5:colcon.colcon_core.verb:set package 'dubin' build argument 'cmake_force_configure' from command line to 'False'
[1.052s] Level 5:colcon.colcon_core.verb:set package 'dubin' build argument 'ament_cmake_args' from command line to 'None'
[1.052s] Level 5:colcon.colcon_core.verb:set package 'dubin' build argument 'catkin_cmake_args' from command line to 'None'
[1.052s] Level 5:colcon.colcon_core.verb:set package 'dubin' build argument 'catkin_skip_building_tests' from command line to 'False'
[1.053s] DEBUG:colcon.colcon_core.verb:Building package 'dubin' with the following arguments: {'ament_cmake_args': None, 'build_base': '/home/marko/ros_ws/src/dubin/build/dubin', 'catkin_cmake_args': None, 'catkin_skip_building_tests': False, 'cmake_args': None, 'cmake_clean_cache': False, 'cmake_clean_first': False, 'cmake_force_configure': False, 'cmake_target': None, 'cmake_target_skip_unavailable': False, 'install_base': '/home/marko/ros_ws/src/dubin/install/dubin', 'merge_install': False, 'path': '/home/marko/ros_ws/src/dubin', 'symlink_install': False, 'test_result_base': None}
[1.054s] INFO:colcon.colcon_core.executor:Executing jobs using 'parallel' executor
[1.060s] DEBUG:colcon.colcon_parallel_executor.executor.parallel:run_until_complete
[1.061s] INFO:colcon.colcon_ros.task.ament_cmake.build:Building ROS package in '/home/marko/ros_ws/src/dubin' with build type 'ament_cmake'
[1.061s] INFO:colcon.colcon_cmake.task.cmake.build:Building CMake package in '/home/marko/ros_ws/src/dubin'
[1.071s] INFO:colcon.colcon_core.plugin_system:Skipping extension 'colcon_core.shell.bat': Not used on non-Windows systems
[1.071s] INFO:colcon.colcon_core.shell:Skip shell extension 'powershell' for command environment: Not usable outside of PowerShell
[1.071s] DEBUG:colcon.colcon_core.shell:Skip shell extension 'dsv' for command environment
[1.135s] DEBUG:colcon.colcon_core.event_handler.log_command:Invoking command in '/home/marko/ros_ws/src/dubin/build/dubin': CMAKE_PREFIX_PATH=${CMAKE_PREFIX_PATH}:/opt/ros/humble /usr/bin/cmake --build /home/marko/ros_ws/src/dubin/build/dubin -- -j8 -l8
[15.068s] DEBUG:colcon.colcon_core.event_handler.log_command:Invoked command in '/home/marko/ros_ws/src/dubin/build/dubin' returned '2': CMAKE_PREFIX_PATH=${CMAKE_PREFIX_PATH}:/opt/ros/humble /usr/bin/cmake --build /home/marko/ros_ws/src/dubin/build/dubin -- -j8 -l8
[15.617s] Level 1:colcon.colcon_core.environment:create_environment_scripts_only(dubin)
[15.631s] Level 1:colcon.colcon_core.environment:checking '/home/marko/ros_ws/src/dubin/install/dubin' for CMake module files
[15.635s] Level 1:colcon.colcon_core.environment:checking '/home/marko/ros_ws/src/dubin/install/dubin' for CMake config files
[15.637s] Level 1:colcon.colcon_core.environment:checking '/home/marko/ros_ws/src/dubin/install/dubin/bin'
[15.637s] Level 1:colcon.colcon_core.environment:checking '/home/marko/ros_ws/src/dubin/install/dubin/lib/pkgconfig/dubin.pc'
[15.639s] Level 1:colcon.colcon_core.environment:checking '/home/marko/ros_ws/src/dubin/install/dubin/lib/python3.10/site-packages'
[15.639s] Level 1:colcon.colcon_core.environment:checking '/home/marko/ros_ws/src/dubin/install/dubin/bin'
[15.643s] INFO:colcon.colcon_core.shell:Creating package script '/home/marko/ros_ws/src/dubin/install/dubin/share/dubin/package.ps1'
[15.647s] INFO:colcon.colcon_core.shell:Creating package descriptor '/home/marko/ros_ws/src/dubin/install/dubin/share/dubin/package.dsv'
[15.650s] INFO:colcon.colcon_core.shell:Creating package script '/home/marko/ros_ws/src/dubin/install/dubin/share/dubin/package.sh'
[15.652s] INFO:colcon.colcon_core.shell:Creating package script '/home/marko/ros_ws/src/dubin/install/dubin/share/dubin/package.bash'
[15.655s] INFO:colcon.colcon_core.shell:Creating package script '/home/marko/ros_ws/src/dubin/install/dubin/share/dubin/package.zsh'
[15.658s] Level 1:colcon.colcon_core.environment:create_file_with_runtime_dependencies(/home/marko/ros_ws/src/dubin/install/dubin/share/colcon-core/packages/dubin)
[15.670s] DEBUG:colcon.colcon_parallel_executor.executor.parallel:closing loop
[15.671s] DEBUG:colcon.colcon_parallel_executor.executor.parallel:loop closed
[15.671s] DEBUG:colcon.colcon_parallel_executor.executor.parallel:run_until_complete finished with '2'
[15.671s] DEBUG:colcon.colcon_core.event_reactor:joining thread
[15.699s] INFO:colcon.colcon_core.plugin_system:Skipping extension 'colcon_notification.desktop_notification.terminal_notifier': Not used on non-Darwin systems
[15.700s] INFO:colcon.colcon_core.plugin_system:Skipping extension 'colcon_notification.desktop_notification.win32': Not used on non-Windows systems
[15.700s] INFO:colcon.colcon_notification.desktop_notification:Sending desktop notification using 'notify2'
[15.765s] DEBUG:colcon.colcon_core.event_reactor:joined thread
[15.768s] INFO:colcon.colcon_core.shell:Creating prefix script '/home/marko/ros_ws/src/dubin/install/local_setup.ps1'
[15.771s] INFO:colcon.colcon_core.shell:Creating prefix util module '/home/marko/ros_ws/src/dubin/install/_local_setup_util_ps1.py'
[15.777s] INFO:colcon.colcon_core.shell:Creating prefix chain script '/home/marko/ros_ws/src/dubin/install/setup.ps1'
[15.793s] INFO:colcon.colcon_core.shell:Creating prefix script '/home/marko/ros_ws/src/dubin/install/local_setup.sh'
[15.798s] INFO:colcon.colcon_core.shell:Creating prefix util module '/home/marko/ros_ws/src/dubin/install/_local_setup_util_sh.py'
[15.802s] INFO:colcon.colcon_core.shell:Creating prefix chain script '/home/marko/ros_ws/src/dubin/install/setup.sh'
[15.815s] INFO:colcon.colcon_core.shell:Creating prefix script '/home/marko/ros_ws/src/dubin/install/local_setup.bash'
[15.821s] INFO:colcon.colcon_core.shell:Creating prefix chain script '/home/marko/ros_ws/src/dubin/install/setup.bash'
[15.838s] INFO:colcon.colcon_core.shell:Creating prefix script '/home/marko/ros_ws/src/dubin/install/local_setup.zsh'
[15.841s] INFO:colcon.colcon_core.shell:Creating prefix chain script '/home/marko/ros_ws/src/dubin/install/setup.zsh'
