[35m[1mConsolidate compiler generated dependencies of target mission_planner[0m
[ 12%] [32mBuilding CXX object CMakeFiles/mission_planner.dir/src/PRMstar.cpp.o[0m
[ 25%] [32m[1mLinking CXX executable mission_planner[0m
[100%] Built target mission_planner
-- Install configuration: ""
-- Installing: /home/marko/ros_ws/src/dubin/install/dubin/lib/dubin/mission_planner
-- Set runtime path of "/home/marko/ros_ws/src/dubin/install/dubin/lib/dubin/mission_planner" to ""
-- Installing: /home/marko/ros_ws/src/dubin/install/dubin/share/ament_index/resource_index/package_run_dependencies/dubin
-- Installing: /home/marko/ros_ws/src/dubin/install/dubin/share/ament_index/resource_index/parent_prefix_path/dubin
-- Installing: /home/marko/ros_ws/src/dubin/install/dubin/share/dubin/environment/ament_prefix_path.sh
-- Installing: /home/marko/ros_ws/src/dubin/install/dubin/share/dubin/environment/ament_prefix_path.dsv
-- Installing: /home/marko/ros_ws/src/dubin/install/dubin/share/dubin/environment/path.sh
-- Installing: /home/marko/ros_ws/src/dubin/install/dubin/share/dubin/environment/path.dsv
-- Installing: /home/marko/ros_ws/src/dubin/install/dubin/share/dubin/local_setup.bash
-- Installing: /home/marko/ros_ws/src/dubin/install/dubin/share/dubin/local_setup.sh
-- Installing: /home/marko/ros_ws/src/dubin/install/dubin/share/dubin/local_setup.zsh
-- Installing: /home/marko/ros_ws/src/dubin/install/dubin/share/dubin/local_setup.dsv
-- Installing: /home/marko/ros_ws/src/dubin/install/dubin/share/dubin/package.dsv
-- Installing: /home/marko/ros_ws/src/dubin/install/dubin/share/ament_index/resource_index/packages/dubin
-- Installing: /home/marko/ros_ws/src/dubin/install/dubin/share/dubin/cmake/dubinConfig.cmake
-- Installing: /home/marko/ros_ws/src/dubin/install/dubin/share/dubin/cmake/dubinConfig-version.cmake
-- Installing: /home/marko/ros_ws/src/dubin/install/dubin/share/dubin/package.xml
