[0.670s] DEBUG:colcon:Command line arguments: ['/usr/bin/colcon', 'build']
[0.670s] DEBUG:colcon:Parsed command line arguments: Namespace(log_base=None, log_level=None, verb_name='build', build_base='build', install_base='install', merge_install=False, symlink_install=False, test_result_base=None, continue_on_error=False, executor='parallel', parallel_workers=8, event_handlers=None, ignore_user_meta=False, metas=['./colcon.meta'], base_paths=['.'], packages_ignore=None, packages_ignore_regex=None, paths=None, packages_up_to=None, packages_up_to_regex=None, packages_above=None, packages_above_and_dependencies=None, packages_above_depth=None, packages_select_by_dep=None, packages_skip_by_dep=None, packages_skip_up_to=None, packages_select_build_failed=False, packages_skip_build_finished=False, packages_select_test_failures=False, packages_skip_test_passed=False, packages_select=None, packages_skip=None, packages_select_regex=None, packages_skip_regex=None, packages_start=None, packages_end=None, allow_overriding=[], cmake_args=None, cmake_target=None, cmake_target_skip_unavailable=False, cmake_clean_cache=False, cmake_clean_first=False, cmake_force_configure=False, ament_cmake_args=None, catkin_cmake_args=None, catkin_skip_building_tests=False, verb_parser=<colcon_defaults.argument_parser.defaults.DefaultArgumentsDecorator object at 0x7f3fe3d64310>, verb_extension=<colcon_core.verb.build.BuildVerb object at 0x7f3fe46a74c0>, main=<bound method BuildVerb.main of <colcon_core.verb.build.BuildVerb object at 0x7f3fe46a74c0>>)
[0.724s] Level 1:colcon.colcon_core.package_discovery:discover_packages(colcon_meta) check parameters
[0.724s] Level 1:colcon.colcon_core.package_discovery:discover_packages(recursive) check parameters
[0.724s] Level 1:colcon.colcon_core.package_discovery:discover_packages(ignore) check parameters
[0.724s] Level 1:colcon.colcon_core.package_discovery:discover_packages(path) check parameters
[0.724s] Level 1:colcon.colcon_core.package_discovery:discover_packages(colcon_meta) discover
[0.725s] Level 1:colcon.colcon_core.package_discovery:discover_packages(recursive) discover
[0.725s] INFO:colcon.colcon_core.package_discovery:Crawling recursively for packages in '/home/marko/ros_ws/src/dubin'
[0.725s] Level 1:colcon.colcon_core.package_identification:_identify(.) by extensions ['ignore', 'ignore_ament_install']
[0.725s] Level 1:colcon.colcon_core.package_identification:_identify(.) by extension 'ignore'
[0.725s] Level 1:colcon.colcon_core.package_identification:_identify(.) by extension 'ignore_ament_install'
[0.726s] Level 1:colcon.colcon_core.package_identification:_identify(.) by extensions ['colcon_pkg']
[0.726s] Level 1:colcon.colcon_core.package_identification:_identify(.) by extension 'colcon_pkg'
[0.726s] Level 1:colcon.colcon_core.package_identification:_identify(.) by extensions ['colcon_meta']
[0.726s] Level 1:colcon.colcon_core.package_identification:_identify(.) by extension 'colcon_meta'
[0.726s] Level 1:colcon.colcon_core.package_identification:_identify(.) by extensions ['ros']
[0.726s] Level 1:colcon.colcon_core.package_identification:_identify(.) by extension 'ros'
[0.754s] DEBUG:colcon.colcon_core.package_identification:Package '.' with type 'ros.ament_cmake' and name 'dubin'
[0.754s] Level 1:colcon.colcon_core.package_discovery:discover_packages(recursive) using defaults
[0.754s] Level 1:colcon.colcon_core.package_discovery:discover_packages(ignore) discover
[0.754s] Level 1:colcon.colcon_core.package_discovery:discover_packages(ignore) using defaults
[0.754s] Level 1:colcon.colcon_core.package_discovery:discover_packages(path) discover
[0.754s] Level 1:colcon.colcon_core.package_discovery:discover_packages(path) using defaults
[0.792s] Level 1:colcon.colcon_core.package_discovery:discover_packages(prefix_path) check parameters
[0.792s] Level 1:colcon.colcon_core.package_discovery:discover_packages(prefix_path) discover
[0.801s] DEBUG:colcon.colcon_installed_package_information.package_discovery:Found 11 installed packages in /home/marko/ros_ws/install
[0.808s] DEBUG:colcon.colcon_installed_package_information.package_discovery:Found 338 installed packages in /opt/ros/humble
[0.811s] Level 1:colcon.colcon_core.package_discovery:discover_packages(prefix_path) using defaults
[0.985s] Level 5:colcon.colcon_core.verb:set package 'dubin' build argument 'cmake_args' from command line to 'None'
[0.986s] Level 5:colcon.colcon_core.verb:set package 'dubin' build argument 'cmake_target' from command line to 'None'
[0.986s] Level 5:colcon.colcon_core.verb:set package 'dubin' build argument 'cmake_target_skip_unavailable' from command line to 'False'
[0.986s] Level 5:colcon.colcon_core.verb:set package 'dubin' build argument 'cmake_clean_cache' from command line to 'False'
[0.986s] Level 5:colcon.colcon_core.verb:set package 'dubin' build argument 'cmake_clean_first' from command line to 'False'
[0.986s] Level 5:colcon.colcon_core.verb:set package 'dubin' build argument 'cmake_force_configure' from command line to 'False'
[0.986s] Level 5:colcon.colcon_core.verb:set package 'dubin' build argument 'ament_cmake_args' from command line to 'None'
[0.986s] Level 5:colcon.colcon_core.verb:set package 'dubin' build argument 'catkin_cmake_args' from command line to 'None'
[0.986s] Level 5:colcon.colcon_core.verb:set package 'dubin' build argument 'catkin_skip_building_tests' from command line to 'False'
[0.986s] DEBUG:colcon.colcon_core.verb:Building package 'dubin' with the following arguments: {'ament_cmake_args': None, 'build_base': '/home/marko/ros_ws/src/dubin/build/dubin', 'catkin_cmake_args': None, 'catkin_skip_building_tests': False, 'cmake_args': None, 'cmake_clean_cache': False, 'cmake_clean_first': False, 'cmake_force_configure': False, 'cmake_target': None, 'cmake_target_skip_unavailable': False, 'install_base': '/home/marko/ros_ws/src/dubin/install/dubin', 'merge_install': False, 'path': '/home/marko/ros_ws/src/dubin', 'symlink_install': False, 'test_result_base': None}
[0.987s] INFO:colcon.colcon_core.executor:Executing jobs using 'parallel' executor
[0.992s] DEBUG:colcon.colcon_parallel_executor.executor.parallel:run_until_complete
[0.993s] INFO:colcon.colcon_ros.task.ament_cmake.build:Building ROS package in '/home/marko/ros_ws/src/dubin' with build type 'ament_cmake'
[0.993s] INFO:colcon.colcon_cmake.task.cmake.build:Building CMake package in '/home/marko/ros_ws/src/dubin'
[1.002s] INFO:colcon.colcon_core.plugin_system:Skipping extension 'colcon_core.shell.bat': Not used on non-Windows systems
[1.003s] INFO:colcon.colcon_core.shell:Skip shell extension 'powershell' for command environment: Not usable outside of PowerShell
[1.003s] DEBUG:colcon.colcon_core.shell:Skip shell extension 'dsv' for command environment
[1.056s] DEBUG:colcon.colcon_core.event_handler.log_command:Invoking command in '/home/marko/ros_ws/src/dubin/build/dubin': CMAKE_PREFIX_PATH=${CMAKE_PREFIX_PATH}:/opt/ros/humble /usr/bin/cmake --build /home/marko/ros_ws/src/dubin/build/dubin -- -j8 -l8
[30.248s] DEBUG:colcon.colcon_core.event_handler.log_command:Invoked command in '/home/marko/ros_ws/src/dubin/build/dubin' returned '2': CMAKE_PREFIX_PATH=${CMAKE_PREFIX_PATH}:/opt/ros/humble /usr/bin/cmake --build /home/marko/ros_ws/src/dubin/build/dubin -- -j8 -l8
[30.600s] Level 1:colcon.colcon_core.environment:create_environment_scripts_only(dubin)
[30.612s] Level 1:colcon.colcon_core.environment:checking '/home/marko/ros_ws/src/dubin/install/dubin' for CMake module files
[30.614s] Level 1:colcon.colcon_core.environment:checking '/home/marko/ros_ws/src/dubin/install/dubin' for CMake config files
[30.615s] Level 1:colcon.colcon_core.environment:checking '/home/marko/ros_ws/src/dubin/install/dubin/bin'
[30.616s] Level 1:colcon.colcon_core.environment:checking '/home/marko/ros_ws/src/dubin/install/dubin/lib/pkgconfig/dubin.pc'
[30.616s] Level 1:colcon.colcon_core.environment:checking '/home/marko/ros_ws/src/dubin/install/dubin/lib/python3.10/site-packages'
[30.617s] Level 1:colcon.colcon_core.environment:checking '/home/marko/ros_ws/src/dubin/install/dubin/bin'
[30.618s] INFO:colcon.colcon_core.shell:Creating package script '/home/marko/ros_ws/src/dubin/install/dubin/share/dubin/package.ps1'
[30.620s] INFO:colcon.colcon_core.shell:Creating package descriptor '/home/marko/ros_ws/src/dubin/install/dubin/share/dubin/package.dsv'
[30.622s] INFO:colcon.colcon_core.shell:Creating package script '/home/marko/ros_ws/src/dubin/install/dubin/share/dubin/package.sh'
[30.625s] INFO:colcon.colcon_core.shell:Creating package script '/home/marko/ros_ws/src/dubin/install/dubin/share/dubin/package.bash'
[30.628s] INFO:colcon.colcon_core.shell:Creating package script '/home/marko/ros_ws/src/dubin/install/dubin/share/dubin/package.zsh'
[30.633s] Level 1:colcon.colcon_core.environment:create_file_with_runtime_dependencies(/home/marko/ros_ws/src/dubin/install/dubin/share/colcon-core/packages/dubin)
[30.646s] DEBUG:colcon.colcon_parallel_executor.executor.parallel:closing loop
[30.646s] DEBUG:colcon.colcon_parallel_executor.executor.parallel:loop closed
[30.647s] DEBUG:colcon.colcon_parallel_executor.executor.parallel:run_until_complete finished with '2'
[30.647s] DEBUG:colcon.colcon_core.event_reactor:joining thread
[30.683s] INFO:colcon.colcon_core.plugin_system:Skipping extension 'colcon_notification.desktop_notification.terminal_notifier': Not used on non-Darwin systems
[30.684s] INFO:colcon.colcon_core.plugin_system:Skipping extension 'colcon_notification.desktop_notification.win32': Not used on non-Windows systems
[30.684s] INFO:colcon.colcon_notification.desktop_notification:Sending desktop notification using 'notify2'
[30.745s] DEBUG:colcon.colcon_core.event_reactor:joined thread
[30.756s] INFO:colcon.colcon_core.shell:Creating prefix script '/home/marko/ros_ws/src/dubin/install/local_setup.ps1'
[30.758s] INFO:colcon.colcon_core.shell:Creating prefix util module '/home/marko/ros_ws/src/dubin/install/_local_setup_util_ps1.py'
[30.763s] INFO:colcon.colcon_core.shell:Creating prefix chain script '/home/marko/ros_ws/src/dubin/install/setup.ps1'
[30.777s] INFO:colcon.colcon_core.shell:Creating prefix script '/home/marko/ros_ws/src/dubin/install/local_setup.sh'
[30.779s] INFO:colcon.colcon_core.shell:Creating prefix util module '/home/marko/ros_ws/src/dubin/install/_local_setup_util_sh.py'
[30.784s] INFO:colcon.colcon_core.shell:Creating prefix chain script '/home/marko/ros_ws/src/dubin/install/setup.sh'
[30.798s] INFO:colcon.colcon_core.shell:Creating prefix script '/home/marko/ros_ws/src/dubin/install/local_setup.bash'
[30.801s] INFO:colcon.colcon_core.shell:Creating prefix chain script '/home/marko/ros_ws/src/dubin/install/setup.bash'
[30.813s] INFO:colcon.colcon_core.shell:Creating prefix script '/home/marko/ros_ws/src/dubin/install/local_setup.zsh'
[30.816s] INFO:colcon.colcon_core.shell:Creating prefix chain script '/home/marko/ros_ws/src/dubin/install/setup.zsh'
