[0.854s] DEBUG:colcon:Command line arguments: ['/usr/bin/colcon', 'build']
[0.854s] DEBUG:colcon:Parsed command line arguments: Namespace(log_base=None, log_level=None, verb_name='build', build_base='build', install_base='install', merge_install=False, symlink_install=False, test_result_base=None, continue_on_error=False, executor='parallel', parallel_workers=8, event_handlers=None, ignore_user_meta=False, metas=['./colcon.meta'], base_paths=['.'], packages_ignore=None, packages_ignore_regex=None, paths=None, packages_up_to=None, packages_up_to_regex=None, packages_above=None, packages_above_and_dependencies=None, packages_above_depth=None, packages_select_by_dep=None, packages_skip_by_dep=None, packages_skip_up_to=None, packages_select_build_failed=False, packages_skip_build_finished=False, packages_select_test_failures=False, packages_skip_test_passed=False, packages_select=None, packages_skip=None, packages_select_regex=None, packages_skip_regex=None, packages_start=None, packages_end=None, allow_overriding=[], cmake_args=None, cmake_target=None, cmake_target_skip_unavailable=False, cmake_clean_cache=False, cmake_clean_first=False, cmake_force_configure=False, ament_cmake_args=None, catkin_cmake_args=None, catkin_skip_building_tests=False, verb_parser=<colcon_defaults.argument_parser.defaults.DefaultArgumentsDecorator object at 0x7f5a815e80d0>, verb_extension=<colcon_core.verb.build.BuildVerb object at 0x7f5a81f27160>, main=<bound method BuildVerb.main of <colcon_core.verb.build.BuildVerb object at 0x7f5a81f27160>>)
[0.919s] Level 1:colcon.colcon_core.package_discovery:discover_packages(colcon_meta) check parameters
[0.919s] Level 1:colcon.colcon_core.package_discovery:discover_packages(recursive) check parameters
[0.919s] Level 1:colcon.colcon_core.package_discovery:discover_packages(ignore) check parameters
[0.920s] Level 1:colcon.colcon_core.package_discovery:discover_packages(path) check parameters
[0.920s] Level 1:colcon.colcon_core.package_discovery:discover_packages(colcon_meta) discover
[0.920s] Level 1:colcon.colcon_core.package_discovery:discover_packages(recursive) discover
[0.920s] INFO:colcon.colcon_core.package_discovery:Crawling recursively for packages in '/home/marko/ros_ws/src/dubin'
[0.921s] Level 1:colcon.colcon_core.package_identification:_identify(.) by extensions ['ignore', 'ignore_ament_install']
[0.921s] Level 1:colcon.colcon_core.package_identification:_identify(.) by extension 'ignore'
[0.921s] Level 1:colcon.colcon_core.package_identification:_identify(.) by extension 'ignore_ament_install'
[0.921s] Level 1:colcon.colcon_core.package_identification:_identify(.) by extensions ['colcon_pkg']
[0.921s] Level 1:colcon.colcon_core.package_identification:_identify(.) by extension 'colcon_pkg'
[0.922s] Level 1:colcon.colcon_core.package_identification:_identify(.) by extensions ['colcon_meta']
[0.922s] Level 1:colcon.colcon_core.package_identification:_identify(.) by extension 'colcon_meta'
[0.922s] Level 1:colcon.colcon_core.package_identification:_identify(.) by extensions ['ros']
[0.922s] Level 1:colcon.colcon_core.package_identification:_identify(.) by extension 'ros'
[0.953s] DEBUG:colcon.colcon_core.package_identification:Package '.' with type 'ros.ament_cmake' and name 'dubin'
[0.954s] Level 1:colcon.colcon_core.package_discovery:discover_packages(recursive) using defaults
[0.954s] Level 1:colcon.colcon_core.package_discovery:discover_packages(ignore) discover
[0.954s] Level 1:colcon.colcon_core.package_discovery:discover_packages(ignore) using defaults
[0.954s] Level 1:colcon.colcon_core.package_discovery:discover_packages(path) discover
[0.954s] Level 1:colcon.colcon_core.package_discovery:discover_packages(path) using defaults
[1.001s] Level 1:colcon.colcon_core.package_discovery:discover_packages(prefix_path) check parameters
[1.001s] Level 1:colcon.colcon_core.package_discovery:discover_packages(prefix_path) discover
[1.012s] DEBUG:colcon.colcon_installed_package_information.package_discovery:Found 11 installed packages in /home/marko/ros_ws/install
[1.020s] DEBUG:colcon.colcon_installed_package_information.package_discovery:Found 338 installed packages in /opt/ros/humble
[1.024s] Level 1:colcon.colcon_core.package_discovery:discover_packages(prefix_path) using defaults
[1.194s] Level 5:colcon.colcon_core.verb:set package 'dubin' build argument 'cmake_args' from command line to 'None'
[1.194s] Level 5:colcon.colcon_core.verb:set package 'dubin' build argument 'cmake_target' from command line to 'None'
[1.194s] Level 5:colcon.colcon_core.verb:set package 'dubin' build argument 'cmake_target_skip_unavailable' from command line to 'False'
[1.194s] Level 5:colcon.colcon_core.verb:set package 'dubin' build argument 'cmake_clean_cache' from command line to 'False'
[1.194s] Level 5:colcon.colcon_core.verb:set package 'dubin' build argument 'cmake_clean_first' from command line to 'False'
[1.194s] Level 5:colcon.colcon_core.verb:set package 'dubin' build argument 'cmake_force_configure' from command line to 'False'
[1.194s] Level 5:colcon.colcon_core.verb:set package 'dubin' build argument 'ament_cmake_args' from command line to 'None'
[1.194s] Level 5:colcon.colcon_core.verb:set package 'dubin' build argument 'catkin_cmake_args' from command line to 'None'
[1.195s] Level 5:colcon.colcon_core.verb:set package 'dubin' build argument 'catkin_skip_building_tests' from command line to 'False'
[1.195s] DEBUG:colcon.colcon_core.verb:Building package 'dubin' with the following arguments: {'ament_cmake_args': None, 'build_base': '/home/marko/ros_ws/src/dubin/build/dubin', 'catkin_cmake_args': None, 'catkin_skip_building_tests': False, 'cmake_args': None, 'cmake_clean_cache': False, 'cmake_clean_first': False, 'cmake_force_configure': False, 'cmake_target': None, 'cmake_target_skip_unavailable': False, 'install_base': '/home/marko/ros_ws/src/dubin/install/dubin', 'merge_install': False, 'path': '/home/marko/ros_ws/src/dubin', 'symlink_install': False, 'test_result_base': None}
[1.196s] INFO:colcon.colcon_core.executor:Executing jobs using 'parallel' executor
[1.201s] DEBUG:colcon.colcon_parallel_executor.executor.parallel:run_until_complete
[1.202s] INFO:colcon.colcon_ros.task.ament_cmake.build:Building ROS package in '/home/marko/ros_ws/src/dubin' with build type 'ament_cmake'
[1.202s] INFO:colcon.colcon_cmake.task.cmake.build:Building CMake package in '/home/marko/ros_ws/src/dubin'
[1.212s] INFO:colcon.colcon_core.plugin_system:Skipping extension 'colcon_core.shell.bat': Not used on non-Windows systems
[1.213s] INFO:colcon.colcon_core.shell:Skip shell extension 'powershell' for command environment: Not usable outside of PowerShell
[1.213s] DEBUG:colcon.colcon_core.shell:Skip shell extension 'dsv' for command environment
[1.275s] DEBUG:colcon.colcon_core.event_handler.log_command:Invoking command in '/home/marko/ros_ws/src/dubin/build/dubin': CMAKE_PREFIX_PATH=${CMAKE_PREFIX_PATH}:/opt/ros/humble /usr/bin/cmake --build /home/marko/ros_ws/src/dubin/build/dubin -- -j8 -l8
[12.064s] DEBUG:colcon.colcon_core.event_handler.log_command:Invoked command in '/home/marko/ros_ws/src/dubin/build/dubin' returned '2': CMAKE_PREFIX_PATH=${CMAKE_PREFIX_PATH}:/opt/ros/humble /usr/bin/cmake --build /home/marko/ros_ws/src/dubin/build/dubin -- -j8 -l8
[12.458s] Level 1:colcon.colcon_core.environment:create_environment_scripts_only(dubin)
[12.469s] Level 1:colcon.colcon_core.environment:checking '/home/marko/ros_ws/src/dubin/install/dubin' for CMake module files
[12.471s] Level 1:colcon.colcon_core.environment:checking '/home/marko/ros_ws/src/dubin/install/dubin' for CMake config files
[12.473s] Level 1:colcon.colcon_core.environment:checking '/home/marko/ros_ws/src/dubin/install/dubin/bin'
[12.473s] Level 1:colcon.colcon_core.environment:checking '/home/marko/ros_ws/src/dubin/install/dubin/lib/pkgconfig/dubin.pc'
[12.474s] Level 1:colcon.colcon_core.environment:checking '/home/marko/ros_ws/src/dubin/install/dubin/lib/python3.10/site-packages'
[12.475s] Level 1:colcon.colcon_core.environment:checking '/home/marko/ros_ws/src/dubin/install/dubin/bin'
[12.477s] INFO:colcon.colcon_core.shell:Creating package script '/home/marko/ros_ws/src/dubin/install/dubin/share/dubin/package.ps1'
[12.480s] INFO:colcon.colcon_core.shell:Creating package descriptor '/home/marko/ros_ws/src/dubin/install/dubin/share/dubin/package.dsv'
[12.483s] INFO:colcon.colcon_core.shell:Creating package script '/home/marko/ros_ws/src/dubin/install/dubin/share/dubin/package.sh'
[12.486s] INFO:colcon.colcon_core.shell:Creating package script '/home/marko/ros_ws/src/dubin/install/dubin/share/dubin/package.bash'
[12.488s] INFO:colcon.colcon_core.shell:Creating package script '/home/marko/ros_ws/src/dubin/install/dubin/share/dubin/package.zsh'
[12.491s] Level 1:colcon.colcon_core.environment:create_file_with_runtime_dependencies(/home/marko/ros_ws/src/dubin/install/dubin/share/colcon-core/packages/dubin)
[12.497s] DEBUG:colcon.colcon_parallel_executor.executor.parallel:closing loop
[12.498s] DEBUG:colcon.colcon_parallel_executor.executor.parallel:loop closed
[12.498s] DEBUG:colcon.colcon_parallel_executor.executor.parallel:run_until_complete finished with '2'
[12.499s] DEBUG:colcon.colcon_core.event_reactor:joining thread
[12.554s] INFO:colcon.colcon_core.plugin_system:Skipping extension 'colcon_notification.desktop_notification.terminal_notifier': Not used on non-Darwin systems
[12.555s] INFO:colcon.colcon_core.plugin_system:Skipping extension 'colcon_notification.desktop_notification.win32': Not used on non-Windows systems
[12.555s] INFO:colcon.colcon_notification.desktop_notification:Sending desktop notification using 'notify2'
[12.614s] DEBUG:colcon.colcon_core.event_reactor:joined thread
[12.619s] INFO:colcon.colcon_core.shell:Creating prefix script '/home/marko/ros_ws/src/dubin/install/local_setup.ps1'
[12.622s] INFO:colcon.colcon_core.shell:Creating prefix util module '/home/marko/ros_ws/src/dubin/install/_local_setup_util_ps1.py'
[12.625s] INFO:colcon.colcon_core.shell:Creating prefix chain script '/home/marko/ros_ws/src/dubin/install/setup.ps1'
[12.635s] INFO:colcon.colcon_core.shell:Creating prefix script '/home/marko/ros_ws/src/dubin/install/local_setup.sh'
[12.639s] INFO:colcon.colcon_core.shell:Creating prefix util module '/home/marko/ros_ws/src/dubin/install/_local_setup_util_sh.py'
[12.643s] INFO:colcon.colcon_core.shell:Creating prefix chain script '/home/marko/ros_ws/src/dubin/install/setup.sh'
[12.654s] INFO:colcon.colcon_core.shell:Creating prefix script '/home/marko/ros_ws/src/dubin/install/local_setup.bash'
[12.655s] INFO:colcon.colcon_core.shell:Creating prefix chain script '/home/marko/ros_ws/src/dubin/install/setup.bash'
[12.667s] INFO:colcon.colcon_core.shell:Creating prefix script '/home/marko/ros_ws/src/dubin/install/local_setup.zsh'
[12.670s] INFO:colcon.colcon_core.shell:Creating prefix chain script '/home/marko/ros_ws/src/dubin/install/setup.zsh'
