[0.733s] DEBUG:colcon:Command line arguments: ['/usr/bin/colcon', 'build']
[0.734s] DEBUG:colcon:Parsed command line arguments: Namespace(log_base=None, log_level=None, verb_name='build', build_base='build', install_base='install', merge_install=False, symlink_install=False, test_result_base=None, continue_on_error=False, executor='parallel', parallel_workers=8, event_handlers=None, ignore_user_meta=False, metas=['./colcon.meta'], base_paths=['.'], packages_ignore=None, packages_ignore_regex=None, paths=None, packages_up_to=None, packages_up_to_regex=None, packages_above=None, packages_above_and_dependencies=None, packages_above_depth=None, packages_select_by_dep=None, packages_skip_by_dep=None, packages_skip_up_to=None, packages_select_build_failed=False, packages_skip_build_finished=False, packages_select_test_failures=False, packages_skip_test_passed=False, packages_select=None, packages_skip=None, packages_select_regex=None, packages_skip_regex=None, packages_start=None, packages_end=None, allow_overriding=[], cmake_args=None, cmake_target=None, cmake_target_skip_unavailable=False, cmake_clean_cache=False, cmake_clean_first=False, cmake_force_configure=False, ament_cmake_args=None, catkin_cmake_args=None, catkin_skip_building_tests=False, verb_parser=<colcon_defaults.argument_parser.defaults.DefaultArgumentsDecorator object at 0x7fc44cd94070>, verb_extension=<colcon_core.verb.build.BuildVerb object at 0x7fc44d6d33a0>, main=<bound method BuildVerb.main of <colcon_core.verb.build.BuildVerb object at 0x7fc44d6d33a0>>)
[0.792s] Level 1:colcon.colcon_core.package_discovery:discover_packages(colcon_meta) check parameters
[0.793s] Level 1:colcon.colcon_core.package_discovery:discover_packages(recursive) check parameters
[0.793s] Level 1:colcon.colcon_core.package_discovery:discover_packages(ignore) check parameters
[0.794s] Level 1:colcon.colcon_core.package_discovery:discover_packages(path) check parameters
[0.794s] Level 1:colcon.colcon_core.package_discovery:discover_packages(colcon_meta) discover
[0.794s] Level 1:colcon.colcon_core.package_discovery:discover_packages(recursive) discover
[0.794s] INFO:colcon.colcon_core.package_discovery:Crawling recursively for packages in '/home/marko/ros_ws/src/dubin'
[0.794s] Level 1:colcon.colcon_core.package_identification:_identify(.) by extensions ['ignore', 'ignore_ament_install']
[0.795s] Level 1:colcon.colcon_core.package_identification:_identify(.) by extension 'ignore'
[0.795s] Level 1:colcon.colcon_core.package_identification:_identify(.) by extension 'ignore_ament_install'
[0.795s] Level 1:colcon.colcon_core.package_identification:_identify(.) by extensions ['colcon_pkg']
[0.795s] Level 1:colcon.colcon_core.package_identification:_identify(.) by extension 'colcon_pkg'
[0.795s] Level 1:colcon.colcon_core.package_identification:_identify(.) by extensions ['colcon_meta']
[0.796s] Level 1:colcon.colcon_core.package_identification:_identify(.) by extension 'colcon_meta'
[0.796s] Level 1:colcon.colcon_core.package_identification:_identify(.) by extensions ['ros']
[0.796s] Level 1:colcon.colcon_core.package_identification:_identify(.) by extension 'ros'
[0.824s] DEBUG:colcon.colcon_core.package_identification:Package '.' with type 'ros.ament_cmake' and name 'dubin'
[0.824s] Level 1:colcon.colcon_core.package_discovery:discover_packages(recursive) using defaults
[0.824s] Level 1:colcon.colcon_core.package_discovery:discover_packages(ignore) discover
[0.825s] Level 1:colcon.colcon_core.package_discovery:discover_packages(ignore) using defaults
[0.825s] Level 1:colcon.colcon_core.package_discovery:discover_packages(path) discover
[0.825s] Level 1:colcon.colcon_core.package_discovery:discover_packages(path) using defaults
[0.866s] Level 1:colcon.colcon_core.package_discovery:discover_packages(prefix_path) check parameters
[0.866s] Level 1:colcon.colcon_core.package_discovery:discover_packages(prefix_path) discover
[0.876s] DEBUG:colcon.colcon_installed_package_information.package_discovery:Found 11 installed packages in /home/marko/ros_ws/install
[0.884s] DEBUG:colcon.colcon_installed_package_information.package_discovery:Found 338 installed packages in /opt/ros/humble
[0.887s] Level 1:colcon.colcon_core.package_discovery:discover_packages(prefix_path) using defaults
[1.041s] Level 5:colcon.colcon_core.verb:set package 'dubin' build argument 'cmake_args' from command line to 'None'
[1.041s] Level 5:colcon.colcon_core.verb:set package 'dubin' build argument 'cmake_target' from command line to 'None'
[1.041s] Level 5:colcon.colcon_core.verb:set package 'dubin' build argument 'cmake_target_skip_unavailable' from command line to 'False'
[1.042s] Level 5:colcon.colcon_core.verb:set package 'dubin' build argument 'cmake_clean_cache' from command line to 'False'
[1.042s] Level 5:colcon.colcon_core.verb:set package 'dubin' build argument 'cmake_clean_first' from command line to 'False'
[1.042s] Level 5:colcon.colcon_core.verb:set package 'dubin' build argument 'cmake_force_configure' from command line to 'False'
[1.042s] Level 5:colcon.colcon_core.verb:set package 'dubin' build argument 'ament_cmake_args' from command line to 'None'
[1.042s] Level 5:colcon.colcon_core.verb:set package 'dubin' build argument 'catkin_cmake_args' from command line to 'None'
[1.042s] Level 5:colcon.colcon_core.verb:set package 'dubin' build argument 'catkin_skip_building_tests' from command line to 'False'
[1.042s] DEBUG:colcon.colcon_core.verb:Building package 'dubin' with the following arguments: {'ament_cmake_args': None, 'build_base': '/home/marko/ros_ws/src/dubin/build/dubin', 'catkin_cmake_args': None, 'catkin_skip_building_tests': False, 'cmake_args': None, 'cmake_clean_cache': False, 'cmake_clean_first': False, 'cmake_force_configure': False, 'cmake_target': None, 'cmake_target_skip_unavailable': False, 'install_base': '/home/marko/ros_ws/src/dubin/install/dubin', 'merge_install': False, 'path': '/home/marko/ros_ws/src/dubin', 'symlink_install': False, 'test_result_base': None}
[1.043s] INFO:colcon.colcon_core.executor:Executing jobs using 'parallel' executor
[1.048s] DEBUG:colcon.colcon_parallel_executor.executor.parallel:run_until_complete
[1.048s] INFO:colcon.colcon_ros.task.ament_cmake.build:Building ROS package in '/home/marko/ros_ws/src/dubin' with build type 'ament_cmake'
[1.050s] INFO:colcon.colcon_cmake.task.cmake.build:Building CMake package in '/home/marko/ros_ws/src/dubin'
[1.058s] INFO:colcon.colcon_core.plugin_system:Skipping extension 'colcon_core.shell.bat': Not used on non-Windows systems
[1.058s] INFO:colcon.colcon_core.shell:Skip shell extension 'powershell' for command environment: Not usable outside of PowerShell
[1.058s] DEBUG:colcon.colcon_core.shell:Skip shell extension 'dsv' for command environment
[1.111s] DEBUG:colcon.colcon_core.event_handler.log_command:Invoking command in '/home/marko/ros_ws/src/dubin/build/dubin': CMAKE_PREFIX_PATH=${CMAKE_PREFIX_PATH}:/opt/ros/humble /usr/bin/cmake --build /home/marko/ros_ws/src/dubin/build/dubin -- -j8 -l8
[11.522s] DEBUG:colcon.colcon_core.event_handler.log_command:Invoked command in '/home/marko/ros_ws/src/dubin/build/dubin' returned '2': CMAKE_PREFIX_PATH=${CMAKE_PREFIX_PATH}:/opt/ros/humble /usr/bin/cmake --build /home/marko/ros_ws/src/dubin/build/dubin -- -j8 -l8
[11.874s] Level 1:colcon.colcon_core.environment:create_environment_scripts_only(dubin)
[11.883s] Level 1:colcon.colcon_core.environment:checking '/home/marko/ros_ws/src/dubin/install/dubin' for CMake module files
[11.885s] Level 1:colcon.colcon_core.environment:checking '/home/marko/ros_ws/src/dubin/install/dubin' for CMake config files
[11.886s] Level 1:colcon.colcon_core.environment:checking '/home/marko/ros_ws/src/dubin/install/dubin/bin'
[11.886s] Level 1:colcon.colcon_core.environment:checking '/home/marko/ros_ws/src/dubin/install/dubin/lib/pkgconfig/dubin.pc'
[11.887s] Level 1:colcon.colcon_core.environment:checking '/home/marko/ros_ws/src/dubin/install/dubin/lib/python3.10/site-packages'
[11.887s] Level 1:colcon.colcon_core.environment:checking '/home/marko/ros_ws/src/dubin/install/dubin/bin'
[11.889s] INFO:colcon.colcon_core.shell:Creating package script '/home/marko/ros_ws/src/dubin/install/dubin/share/dubin/package.ps1'
[11.891s] INFO:colcon.colcon_core.shell:Creating package descriptor '/home/marko/ros_ws/src/dubin/install/dubin/share/dubin/package.dsv'
[11.893s] INFO:colcon.colcon_core.shell:Creating package script '/home/marko/ros_ws/src/dubin/install/dubin/share/dubin/package.sh'
[11.894s] INFO:colcon.colcon_core.shell:Creating package script '/home/marko/ros_ws/src/dubin/install/dubin/share/dubin/package.bash'
[11.898s] INFO:colcon.colcon_core.shell:Creating package script '/home/marko/ros_ws/src/dubin/install/dubin/share/dubin/package.zsh'
[11.901s] Level 1:colcon.colcon_core.environment:create_file_with_runtime_dependencies(/home/marko/ros_ws/src/dubin/install/dubin/share/colcon-core/packages/dubin)
[11.905s] DEBUG:colcon.colcon_parallel_executor.executor.parallel:closing loop
[11.905s] DEBUG:colcon.colcon_parallel_executor.executor.parallel:loop closed
[11.906s] DEBUG:colcon.colcon_parallel_executor.executor.parallel:run_until_complete finished with '2'
[11.906s] DEBUG:colcon.colcon_core.event_reactor:joining thread
[11.935s] INFO:colcon.colcon_core.plugin_system:Skipping extension 'colcon_notification.desktop_notification.terminal_notifier': Not used on non-Darwin systems
[11.935s] INFO:colcon.colcon_core.plugin_system:Skipping extension 'colcon_notification.desktop_notification.win32': Not used on non-Windows systems
[11.935s] INFO:colcon.colcon_notification.desktop_notification:Sending desktop notification using 'notify2'
[11.984s] DEBUG:colcon.colcon_core.event_reactor:joined thread
[11.987s] INFO:colcon.colcon_core.shell:Creating prefix script '/home/marko/ros_ws/src/dubin/install/local_setup.ps1'
[11.991s] INFO:colcon.colcon_core.shell:Creating prefix util module '/home/marko/ros_ws/src/dubin/install/_local_setup_util_ps1.py'
[11.997s] INFO:colcon.colcon_core.shell:Creating prefix chain script '/home/marko/ros_ws/src/dubin/install/setup.ps1'
[12.007s] INFO:colcon.colcon_core.shell:Creating prefix script '/home/marko/ros_ws/src/dubin/install/local_setup.sh'
[12.010s] INFO:colcon.colcon_core.shell:Creating prefix util module '/home/marko/ros_ws/src/dubin/install/_local_setup_util_sh.py'
[12.013s] INFO:colcon.colcon_core.shell:Creating prefix chain script '/home/marko/ros_ws/src/dubin/install/setup.sh'
[12.026s] INFO:colcon.colcon_core.shell:Creating prefix script '/home/marko/ros_ws/src/dubin/install/local_setup.bash'
[12.031s] INFO:colcon.colcon_core.shell:Creating prefix chain script '/home/marko/ros_ws/src/dubin/install/setup.bash'
[12.043s] INFO:colcon.colcon_core.shell:Creating prefix script '/home/marko/ros_ws/src/dubin/install/local_setup.zsh'
[12.048s] INFO:colcon.colcon_core.shell:Creating prefix chain script '/home/marko/ros_ws/src/dubin/install/setup.zsh'
